
Showing logs for build [32mcb-kubecd-environment-pr-187-12-rjkjp-1[0m stage [32mfrom-build-pack[0m and container [32mstep-credential-initializer-7fm9w[0m
{"level":"warn","ts":1584985909.0790212,"logger":"fallback-logger","caller":"logging/config.go:69","msg":"Fetch GitHub commit ID from kodata failed: \"ref: refs/heads/0.8.0-**-support-backwards-incompats\" is not a valid GitHub commit ID"}
{"level":"info","ts":1584985909.079523,"logger":"fallback-logger","caller":"creds-init/main.go:40","msg":"Credentials initialized."}

Showing logs for build [32mcb-kubecd-environment-pr-187-12-rjkjp-1[0m stage [32mfrom-build-pack[0m and container [32mstep-working-dir-initializer-5gvss[0m
{"level":"warn","ts":1584985909.8850014,"logger":"fallback-logger","caller":"logging/config.go:69","msg":"Fetch GitHub commit ID from kodata failed: open /var/run/ko/HEAD: no such file or directory"}
{"level":"info","ts":1584985909.8863654,"logger":"fallback-logger","caller":"bash/main.go:64","msg":"Successfully executed command \"sh -c mkdir -p /workspace/source\"; output "}

Showing logs for build [32mcb-kubecd-environment-pr-187-12-rjkjp-1[0m stage [32mfrom-build-pack[0m and container [32mstep-place-tools[0m

Showing logs for build [32mcb-kubecd-environment-pr-187-12-rjkjp-1[0m stage [32mfrom-build-pack[0m and container [32mstep-git-source-cb-kubecd-environment-pr-187-12-rjkjp-xn86b[0m
{"level":"warn","ts":1584985916.239726,"logger":"fallback-logger","caller":"logging/config.go:69","msg":"Fetch GitHub commit ID from kodata failed: \"ref: refs/heads/0.8.0-**-support-backwards-incompats\" is not a valid GitHub commit ID"}
{"level":"info","ts":1584985917.3879228,"logger":"fallback-logger","caller":"git/git.go:103","msg":"Successfully cloned https://github.com/cb-kubecd/environment-pr-187-125-boot-gke-staging.git @ master in path /workspace/source"}

Showing logs for build [32mcb-kubecd-environment-pr-187-12-rjkjp-1[0m stage [32mfrom-build-pack[0m and container [32mstep-git-merge[0m
Using SHAs from PULL_REFS=master:f452d9998f9862d17bbbecbe38b0bca94b5e74b9,8:2eb0e867ffb57dd86e5db02a2848d437ed4ca797
DEBUG: LC_ALL=C JX_LOG_LEVEL=error git fetch origin --unshallow 2eb0e867ffb57dd86e5db02a2848d437ed4ca797: f452d9998f9862d17bbbecbe38b0bca94b5e74b9:
DEBUG: ran git fetch --unshallow origin 2eb0e867ffb57dd86e5db02a2848d437ed4ca797: f452d9998f9862d17bbbecbe38b0bca94b5e74b9: in 
DEBUG: LC_ALL=C JX_LOG_LEVEL=error git branch
DEBUG: LC_ALL=C JX_LOG_LEVEL=error git checkout master
DEBUG: ran git checkout master in 
DEBUG: JX_LOG_LEVEL=error LC_ALL=C git reset --hard f452d9998f9862d17bbbecbe38b0bca94b5e74b9
DEBUG: ran git reset --hard f452d9998f9862d17bbbecbe38b0bca94b5e74b9 in 
DEBUG: LC_ALL=C JX_LOG_LEVEL=error git clean -fd .
DEBUG: ran clean --force -d . in 
DEBUG: LC_ALL=C JX_LOG_LEVEL=error git merge 2eb0e867ffb57dd86e5db02a2848d437ed4ca797
DEBUG: ran git merge 2eb0e867ffb57dd86e5db02a2848d437ed4ca797 in 
DEBUG: LC_ALL=C JX_LOG_LEVEL=error git log --format=%H%x1f%an%x1f%ae%x1f%cn%x1f%ce%x1f%s%n%b%x1e f452d9998f9862d17bbbecbe38b0bca94b5e74b9..HEAD
Merged SHA 2eb0e867ffb57dd86e5db02a2848d437ed4ca797 with commit message 'chore: Promote bdd-sbhg-import-1584984177 to version 0.0.1' into base branch master

Showing logs for build [32mcb-kubecd-environment-pr-187-12-rjkjp-1[0m stage [32mfrom-build-pack[0m and container [32mstep-build-helm-build[0m
WARNING: No $CHART_REPOSITORY defined so using the default value of: http://jenkins-x-chartmuseum:8080
Adding missing Helm repo: storage.googleapis.com https://storage.googleapis.com/chartmuseum.jenkins-x.io
WARNING: No secrets found on "helm/repos" due: reading the secret "helm/repos" from vault: no secret "helm/repos" not found in vault
Read credentials for https://storage.googleapis.com/chartmuseum.jenkins-x.io from vault helm/repos
Successfully added Helm repository storage.googleapis.com.
Adding missing Helm repo: jenkins-x-chartmuseum http://jenkins-x-chartmuseum:8080
WARNING: No secrets found on "helm/repos" due: reading the secret "helm/repos" from vault: no secret "helm/repos" not found in vault
Read credentials for http://jenkins-x-chartmuseum:8080 from vault helm/repos
Successfully added Helm repository jenkins-x-chartmuseum.
WARNING: No $CHART_REPOSITORY defined so using the default value of: http://jenkins-x-chartmuseum:8080
Adding missing Helm repo: chartmuseum.jenkins-x.io http://chartmuseum.jenkins-x.io
WARNING: No secrets found on "helm/repos" due: reading the secret "helm/repos" from vault: no secret "helm/repos" not found in vault
Read credentials for http://chartmuseum.jenkins-x.io from vault helm/repos
Successfully added Helm repository chartmuseum.jenkins-x.io.
