
Showing logs for build [32mcb-kubecd-environment-pr-187-12-wv5kc-1[0m stage [32mfrom-build-pack[0m and container [32mstep-credential-initializer-vcz57[0m
{"level":"warn","ts":1584982263.8282766,"logger":"fallback-logger","caller":"logging/config.go:69","msg":"Fetch GitHub commit ID from kodata failed: \"ref: refs/heads/0.8.0-**-support-backwards-incompats\" is not a valid GitHub commit ID"}
{"level":"info","ts":1584982263.8297412,"logger":"fallback-logger","caller":"creds-init/main.go:40","msg":"Credentials initialized."}

Showing logs for build [32mcb-kubecd-environment-pr-187-12-wv5kc-1[0m stage [32mfrom-build-pack[0m and container [32mstep-working-dir-initializer-mwg9k[0m
{"level":"warn","ts":1584982265.3271782,"logger":"fallback-logger","caller":"logging/config.go:69","msg":"Fetch GitHub commit ID from kodata failed: open /var/run/ko/HEAD: no such file or directory"}
{"level":"info","ts":1584982265.3291967,"logger":"fallback-logger","caller":"bash/main.go:64","msg":"Successfully executed command \"sh -c mkdir -p /workspace/source\"; output "}

Showing logs for build [32mcb-kubecd-environment-pr-187-12-wv5kc-1[0m stage [32mfrom-build-pack[0m and container [32mstep-place-tools[0m

Showing logs for build [32mcb-kubecd-environment-pr-187-12-wv5kc-1[0m stage [32mfrom-build-pack[0m and container [32mstep-git-source-cb-kubecd-environment-pr-187-12-wv5kc-8f7gk[0m
{"level":"warn","ts":1584982269.45704,"logger":"fallback-logger","caller":"logging/config.go:69","msg":"Fetch GitHub commit ID from kodata failed: \"ref: refs/heads/0.8.0-**-support-backwards-incompats\" is not a valid GitHub commit ID"}
{"level":"info","ts":1584982270.5799847,"logger":"fallback-logger","caller":"git/git.go:103","msg":"Successfully cloned https://github.com/cb-kubecd/environment-pr-187-125-boot-gke-staging.git @ master in path /workspace/source"}

Showing logs for build [32mcb-kubecd-environment-pr-187-12-wv5kc-1[0m stage [32mfrom-build-pack[0m and container [32mstep-git-merge[0m
Using SHAs from PULL_REFS=master:64ad5298c79684bc33453fcd3e636b7a81a9fb0e,2:47bbb75cd3df3309a7503e52c3e61acf93a04cf9
DEBUG: LC_ALL=C JX_LOG_LEVEL=error git fetch origin --unshallow 47bbb75cd3df3309a7503e52c3e61acf93a04cf9: 64ad5298c79684bc33453fcd3e636b7a81a9fb0e:
DEBUG: ran git fetch --unshallow origin 47bbb75cd3df3309a7503e52c3e61acf93a04cf9: 64ad5298c79684bc33453fcd3e636b7a81a9fb0e: in 
DEBUG: LC_ALL=C JX_LOG_LEVEL=error git branch
DEBUG: LC_ALL=C JX_LOG_LEVEL=error git checkout master
DEBUG: ran git checkout master in 
DEBUG: JX_LOG_LEVEL=error LC_ALL=C git reset --hard 64ad5298c79684bc33453fcd3e636b7a81a9fb0e
DEBUG: ran git reset --hard 64ad5298c79684bc33453fcd3e636b7a81a9fb0e in 
DEBUG: LC_ALL=C JX_LOG_LEVEL=error git clean -fd .
DEBUG: ran clean --force -d . in 
DEBUG: LC_ALL=C JX_LOG_LEVEL=error git merge 47bbb75cd3df3309a7503e52c3e61acf93a04cf9
DEBUG: ran git merge 47bbb75cd3df3309a7503e52c3e61acf93a04cf9 in 
DEBUG: LC_ALL=C JX_LOG_LEVEL=error git log --format=%H%x1f%an%x1f%ae%x1f%cn%x1f%ce%x1f%s%n%b%x1e 64ad5298c79684bc33453fcd3e636b7a81a9fb0e..HEAD
Merged SHA 47bbb75cd3df3309a7503e52c3e61acf93a04cf9 with commit message 'chore: Promote bdd-sbhg-1584981821 to version 0.0.1' into base branch master

Showing logs for build [32mcb-kubecd-environment-pr-187-12-wv5kc-1[0m stage [32mfrom-build-pack[0m and container [32mstep-build-helm-build[0m
WARNING: No $CHART_REPOSITORY defined so using the default value of: http://jenkins-x-chartmuseum:8080
Adding missing Helm repo: storage.googleapis.com https://storage.googleapis.com/chartmuseum.jenkins-x.io
WARNING: No secrets found on "helm/repos" due: reading the secret "helm/repos" from vault: no secret "helm/repos" not found in vault
Read credentials for https://storage.googleapis.com/chartmuseum.jenkins-x.io from vault helm/repos
Successfully added Helm repository storage.googleapis.com.
Adding missing Helm repo: jenkins-x-chartmuseum http://jenkins-x-chartmuseum:8080
WARNING: No secrets found on "helm/repos" due: reading the secret "helm/repos" from vault: no secret "helm/repos" not found in vault
Read credentials for http://jenkins-x-chartmuseum:8080 from vault helm/repos
Successfully added Helm repository jenkins-x-chartmuseum.
WARNING: No $CHART_REPOSITORY defined so using the default value of: http://jenkins-x-chartmuseum:8080
Adding missing Helm repo: chartmuseum.jenkins-x.io http://chartmuseum.jenkins-x.io
WARNING: No secrets found on "helm/repos" due: reading the secret "helm/repos" from vault: no secret "helm/repos" not found in vault
Read credentials for http://chartmuseum.jenkins-x.io from vault helm/repos
Successfully added Helm repository chartmuseum.jenkins-x.io.
